<?xml version="1.0" encoding="UTF-8"?>
<!-- Generated by org.testng.reporters.JUnitReportReporter -->
<testsuite skipped="0" hostname="INNOPHLTXP3E122" name="com.qa.test.demo.Test" tests="1" failures="0" timestamp="05 Jul 2021 07:12:05 GMT" time="7.591" errors="0">
  <testcase name="testLogin" time="7.591" classname="com.qa.test.demo.Test"/>
</testsuite> <!-- com.qa.test.demo.Test -->
