<?xml version="1.0" encoding="UTF-8"?>
<!-- Generated by org.testng.reporters.JUnitReportReporter -->
<testsuite skipped="0" hostname="USCAVMAP19DE195" name="com.qa.test.runner.TestRunner" tests="1" failures="0" timestamp="30 Jun 2021 01:13:08 GMT" time="79.742" errors="0">
  <testcase name="runCukes" time="79.742" classname="com.qa.test.runner.TestRunner"/>
</testsuite> <!-- com.qa.test.runner.TestRunner -->
