<?xml version="1.0" encoding="UTF-8"?>
<!-- Generated by org.testng.reporters.JUnitReportReporter -->
<testsuite skipped="0" hostname="INNOPHLTXP3E122" name="com.qa.test.stepDef.modules.Test" tests="1" failures="0" timestamp="18 Jun 2021 05:41:21 GMT" time="0.008" errors="0">
  <testcase name="testLogin" time="0.008" classname="com.qa.test.stepDef.modules.Test"/>
</testsuite> <!-- com.qa.test.stepDef.modules.Test -->
