<?xml version="1.0" encoding="UTF-8"?>
<!-- Generated by org.testng.reporters.JUnitReportReporter -->
<testsuite skipped="0" hostname="INNOPHLTXP3E122" name="com.qa.test.demo.Test" tests="1" failures="0" timestamp="25 Jun 2021 10:29:33 GMT" time="0.019" errors="0">
  <testcase name="testLogin" time="0.019" classname="com.qa.test.demo.Test"/>
</testsuite> <!-- com.qa.test.demo.Test -->
