<?xml version="1.0" encoding="UTF-8"?>
<!-- Generated by org.testng.reporters.JUnitReportReporter -->
<testsuite skipped="0" hostname="USCAVMAP19DE195" name="com.qa.test.runner.TestRunner" tests="1" failures="0" timestamp="05 Jul 2021 02:17:03 GMT" time="69.606" errors="0">
  <testcase name="runCukes" time="69.606" classname="com.qa.test.runner.TestRunner"/>
</testsuite> <!-- com.qa.test.runner.TestRunner -->
