<?xml version="1.0" encoding="UTF-8"?>
<!-- Generated by org.testng.reporters.JUnitReportReporter -->
<testsuite skipped="0" hostname="INNOPHLTXP3E122" name="com.qa.test.runner.TestRunner" tests="1" failures="0" timestamp="25 Jun 2021 13:03:25 GMT" time="92.438" errors="0">
  <testcase name="runCukes" time="92.438" classname="com.qa.test.runner.TestRunner"/>
</testsuite> <!-- com.qa.test.runner.TestRunner -->
